-------------------------------------------------------------------------------
>Log Session: Thursday, March 10, 2022 9:35:21 AM CET
>System Info: 
  Product Version         = Apache NetBeans Platform Dev (Build 11.2-d04fb24027334c4b6fd8397b5d0cdd33187a8f54)
  Operating System        = Mac OS X version 11.6.4 running on x86_64
  Java; VM; Vendor        = 1.8.0_321; Java HotSpot(TM) 64-Bit Server VM 25.321-b07; Oracle Corporation
  Runtime                 = Java(TM) SE Runtime Environment 1.8.0_321-b07
  Java Home               = /Library/Internet Plug-Ins/JavaAppletPlugin.plugin/Contents/Home
  System Locale; Encoding = da_DK (asteroidsnetbeansmodules); UTF-8
  Home Directory          = /Users/oliverheine
  Current Directory       = /Users/oliverheine/Desktop/University/Semester_4/CBSE/SB4-KOM-F20/AsteroidsNetbeansModules/application
  User Directory          = /Users/oliverheine/Desktop/University/Semester_4/CBSE/SB4-KOM-F20/AsteroidsNetbeansModules/application/target/userdir
  Cache Directory         = /Users/oliverheine/Desktop/University/Semester_4/CBSE/SB4-KOM-F20/AsteroidsNetbeansModules/application/target/userdir/var/cache
  Installation            = /Users/oliverheine/Desktop/University/Semester_4/CBSE/SB4-KOM-F20/AsteroidsNetbeansModules/application/target/asteroidsnetbeansmodules/asteroidsnetbeansmodules
                            /Users/oliverheine/Desktop/University/Semester_4/CBSE/SB4-KOM-F20/AsteroidsNetbeansModules/application/target/asteroidsnetbeansmodules/bin
                            /Users/oliverheine/Desktop/University/Semester_4/CBSE/SB4-KOM-F20/AsteroidsNetbeansModules/application/target/asteroidsnetbeansmodules/platform
                            /Users/oliverheine/Desktop/University/Semester_4/CBSE/SB4-KOM-F20/AsteroidsNetbeansModules/application/target/asteroidsnetbeansmodules/etc
                            /Users/oliverheine/Desktop/University/Semester_4/CBSE/SB4-KOM-F20/AsteroidsNetbeansModules/application/target/asteroidsnetbeansmodules/platform
  Boot & Ext. Classpath   = /Library/Internet Plug-Ins/JavaAppletPlugin.plugin/Contents/Home/lib/resources.jar:/Library/Internet Plug-Ins/JavaAppletPlugin.plugin/Contents/Home/lib/rt.jar:/Library/Internet Plug-Ins/JavaAppletPlugin.plugin/Contents/Home/lib/sunrsasign.jar:/Library/Internet Plug-Ins/JavaAppletPlugin.plugin/Contents/Home/lib/jsse.jar:/Library/Internet Plug-Ins/JavaAppletPlugin.plugin/Contents/Home/lib/jce.jar:/Library/Internet Plug-Ins/JavaAppletPlugin.plugin/Contents/Home/lib/charsets.jar:/Library/Internet Plug-Ins/JavaAppletPlugin.plugin/Contents/Home/lib/jfr.jar:/Library/Internet Plug-Ins/JavaAppletPlugin.plugin/Contents/Home/classes:/Library/Internet Plug-Ins/JavaAppletPlugin.plugin/Contents/Home/lib/ext/sunec.jar:/Library/Internet Plug-Ins/JavaAppletPlugin.plugin/Contents/Home/lib/ext/nashorn.jar:/Library/Internet Plug-Ins/JavaAppletPlugin.plugin/Contents/Home/lib/ext/cldrdata.jar:/Library/Internet Plug-Ins/JavaAppletPlugin.plugin/Contents/Home/lib/ext/jfxrt.jar:/Library/Internet Plug-Ins/JavaAppletPlugin.plugin/Contents/Home/lib/ext/dnsns.jar:/Library/Internet Plug-Ins/JavaAppletPlugin.plugin/Contents/Home/lib/ext/localedata.jar:/Library/Internet Plug-Ins/JavaAppletPlugin.plugin/Contents/Home/lib/ext/sunjce_provider.jar:/Library/Internet Plug-Ins/JavaAppletPlugin.plugin/Contents/Home/lib/ext/sunpkcs11.jar:/Library/Internet Plug-Ins/JavaAppletPlugin.plugin/Contents/Home/lib/ext/jaccess.jar:/Library/Internet Plug-Ins/JavaAppletPlugin.plugin/Contents/Home/lib/ext/zipfs.jar
  Application Classpath   = /Users/oliverheine/Desktop/University/Semester_4/CBSE/SB4-KOM-F20/AsteroidsNetbeansModules/application/target/asteroidsnetbeansmodules/platform/lib/boot.jar:/Users/oliverheine/Desktop/University/Semester_4/CBSE/SB4-KOM-F20/AsteroidsNetbeansModules/application/target/asteroidsnetbeansmodules/platform/lib/org-openide-modules.jar:/Users/oliverheine/Desktop/University/Semester_4/CBSE/SB4-KOM-F20/AsteroidsNetbeansModules/application/target/asteroidsnetbeansmodules/platform/lib/org-openide-util-lookup.jar:/Users/oliverheine/Desktop/University/Semester_4/CBSE/SB4-KOM-F20/AsteroidsNetbeansModules/application/target/asteroidsnetbeansmodules/platform/lib/org-openide-util-ui.jar:/Users/oliverheine/Desktop/University/Semester_4/CBSE/SB4-KOM-F20/AsteroidsNetbeansModules/application/target/asteroidsnetbeansmodules/platform/lib/org-openide-util.jar
  Startup Classpath       = /Users/oliverheine/Desktop/University/Semester_4/CBSE/SB4-KOM-F20/AsteroidsNetbeansModules/application/target/asteroidsnetbeansmodules/platform/core/org-netbeans-libs-asm.jar:/Users/oliverheine/Desktop/University/Semester_4/CBSE/SB4-KOM-F20/AsteroidsNetbeansModules/application/target/asteroidsnetbeansmodules/platform/core/asm-all-5.0.1.jar:/Users/oliverheine/Desktop/University/Semester_4/CBSE/SB4-KOM-F20/AsteroidsNetbeansModules/application/target/asteroidsnetbeansmodules/platform/core/org-openide-filesystems.jar:/Users/oliverheine/Desktop/University/Semester_4/CBSE/SB4-KOM-F20/AsteroidsNetbeansModules/application/target/asteroidsnetbeansmodules/platform/core/core.jar:/Users/oliverheine/Desktop/University/Semester_4/CBSE/SB4-KOM-F20/AsteroidsNetbeansModules/application/target/asteroidsnetbeansmodules/platform/core/core-base.jar
-------------------------------------------------------------------------------
INFO [org.netbeans.modules.netbinox]: Install area set to file:/Users/oliverheine/Desktop/University/Semester_4/CBSE/SB4-KOM-F20/AsteroidsNetbeansModules/application/target/asteroidsnetbeansmodules/
INFO [org.netbeans.core.startup.NbEvents]: Turning on modules:
	org.openide.util.lookup [8.39 11.2-d04fb24027334c4b6fd8397b5d0cdd33187a8f54]
	org.openide.util [9.13 11.2-d04fb24027334c4b6fd8397b5d0cdd33187a8f54]
	org.openide.util.ui [9.14 11.2-d04fb24027334c4b6fd8397b5d0cdd33187a8f54]
	org.openide.modules [7.54 11.2-d04fb24027334c4b6fd8397b5d0cdd33187a8f54]
	org.netbeans.api.annotations.common/1 [1.33 11.2-d04fb24027334c4b6fd8397b5d0cdd33187a8f54]
	org.openide.filesystems [9.16 11.2-d04fb24027334c4b6fd8397b5d0cdd33187a8f54]
	org.netbeans.api.intent [1.8 11.2-d04fb24027334c4b6fd8397b5d0cdd33187a8f54]
	org.netbeans.api.io [1.9 11.2-d04fb24027334c4b6fd8397b5d0cdd33187a8f54]
	org.openide.io [1.55 11.2-d04fb24027334c4b6fd8397b5d0cdd33187a8f54]
	org.openide.awt [7.74 11.2-d04fb24027334c4b6fd8397b5d0cdd33187a8f54]
	org.netbeans.libs.asm [5.9 11.2-d04fb24027334c4b6fd8397b5d0cdd33187a8f54]
	org.netbeans.bootstrap/1 [2.84 11.2-d04fb24027334c4b6fd8397b5d0cdd33187a8f54]
	org.netbeans.core.startup.base [1.68.0.1 1 11.2-d04fb24027334c4b6fd8397b5d0cdd33187a8f54]
	org.netbeans.core.startup/1 [1.68.0.1 11.2-d04fb24027334c4b6fd8397b5d0cdd33187a8f54]
	org.netbeans.libs.osgi [1.28 11.2-d04fb24027334c4b6fd8397b5d0cdd33187a8f54]
	org.netbeans.core.netigso [1.37 11.2-d04fb24027334c4b6fd8397b5d0cdd33187a8f54]
	org.netbeans.modules.netbinox [1.47 11.2-d04fb24027334c4b6fd8397b5d0cdd33187a8f54]
	org.netbeans.api.progress/1 [1.53 11.2-d04fb24027334c4b6fd8397b5d0cdd33187a8f54]
	org.netbeans.api.progress.nb [1.53 11.2-d04fb24027334c4b6fd8397b5d0cdd33187a8f54]
	org.netbeans.modules.autoupdate.services [1.59 11.2-d04fb24027334c4b6fd8397b5d0cdd33187a8f54]
	org.mockito.mockito_all [1.9.5 1.9.5]
	dk.sdu.mmmi.cbse.SilentUpdate [1.0 1.0-20220310 202203100834]
	dk.sdu.mmmi.cbse.Common [1.0 1.0-20220310 202203100834]
	dk.sdu.mmmi.cbse.CommonBullet [1.0 1.0-20220310 202203100834]
	dk.sdu.mmmi.cbse.Player [1.0 1.0-20220310 202203100834]
	dk.sdu.mmmi.cbse.CommonEnemy [1.0 1.0-20220310 202203100834]
	dk.sdu.mmmi.cbse.Enemy [1.0 1.0-20220310 202203100834]
	dk.sdu.mmmi.cbse.Core [1.0 1.0-20220310 202203100834]
	dk.sdu.mmmi.cbse.CommonAsteroids [1.0 1.0-20220310 202203100834]
	dk.sdu.mmmi.cbse.Collision [1.0 1.0-20220310 202203100834]
	dk.sdu.mmmi.cbse.Bullet [1.0 1.0-20220310 202203100834]
	dk.sdu.mmmi.cbse.Asteroid [1.0 1.0-20220310 202203100834]
INFO [org.netbeans.core.netigso.Netigso]: bundle org.mockito.mockito-all@1.9.5 resolved
INFO [org.netbeans.core.netigso.Netigso]: bundle org.mockito.mockito-all@1.9.5 started
INFO [org.netbeans.core.netigso.Netigso]: bundle org.eclipse.osgi@3.9.1.v20140110-1610 started
INFO [org.netbeans.modules.autoupdate.silentupdate]: None for update/install/uninstall
INFO [null]: Last record repeated 2 more times.
INFO [org.netbeans.modules.autoupdate.silentupdate]: Uninstall found: Asteroid[dk.sdu.mmmi.cbse.Asteroid/1.0]
INFO [org.netbeans.core.startup.NbEvents]: Turning off modules:
	dk.sdu.mmmi.cbse.Asteroid [1.0 1.0-20220310 202203100834]
Turning off modules...
Turning off modules...done.
INFO [org.netbeans.modules.autoupdate.silentupdate]: Unstall modules done.
INFO [org.netbeans.modules.autoupdate.silentupdate]: None for update/install/uninstall
INFO [null]: Last record repeated 2 more times.
INFO [org.netbeans.modules.autoupdate.silentupdate]: Update found: Asteroid[dk.sdu.mmmi.cbse.Asteroid/1.0]
INFO [org.netbeans.updater]: 780: Unpacking dk-sdu-mmmi-cbse-Asteroid.nbm
INFO [org.netbeans.updater]: File installed /Users/oliverheine/Desktop/University/Semester_4/CBSE/SB4-KOM-F20/AsteroidsNetbeansModules/application/target/asteroidsnetbeansmodules/asteroidsnetbeansmodules/config/Modules/dk-sdu-mmmi-cbse-Asteroid.xml@0
INFO [org.netbeans.updater]: Copied file /Users/oliverheine/Desktop/University/Semester_4/CBSE/SB4-KOM-F20/AsteroidsNetbeansModules/application/target/asteroidsnetbeansmodules/asteroidsnetbeansmodules/update/download/dk-sdu-mmmi-cbse-Asteroid.nbm:netbeans/config/Modules/dk-sdu-mmmi-cbse-Asteroid.xml to /Users/oliverheine/Desktop/University/Semester_4/CBSE/SB4-KOM-F20/AsteroidsNetbeansModules/application/target/asteroidsnetbeansmodules/asteroidsnetbeansmodules/config/Modules/dk-sdu-mmmi-cbse-Asteroid.xml
INFO [org.netbeans.updater]: File installed /Users/oliverheine/Desktop/University/Semester_4/CBSE/SB4-KOM-F20/AsteroidsNetbeansModules/application/target/asteroidsnetbeansmodules/asteroidsnetbeansmodules/modules/dk-sdu-mmmi-cbse-Asteroid.jar@0
INFO [org.netbeans.updater]: Copied file /Users/oliverheine/Desktop/University/Semester_4/CBSE/SB4-KOM-F20/AsteroidsNetbeansModules/application/target/asteroidsnetbeansmodules/asteroidsnetbeansmodules/update/download/dk-sdu-mmmi-cbse-Asteroid.nbm:netbeans/modules/dk-sdu-mmmi-cbse-Asteroid.jar to /Users/oliverheine/Desktop/University/Semester_4/CBSE/SB4-KOM-F20/AsteroidsNetbeansModules/application/target/asteroidsnetbeansmodules/asteroidsnetbeansmodules/modules/dk-sdu-mmmi-cbse-Asteroid.jar
INFO [org.netbeans.updater]: File /Users/oliverheine/Desktop/University/Semester_4/CBSE/SB4-KOM-F20/AsteroidsNetbeansModules/application/target/asteroidsnetbeansmodules/asteroidsnetbeansmodules/update/download/dk-sdu-mmmi-cbse-Asteroid.nbm deleted.
INFO [org.netbeans.updater]: Use XML Transformer: com.sun.org.apache.xalan.internal.xsltc.trax.TransformerImpl@78319b26
INFO [org.netbeans.updater]: File /Users/oliverheine/Desktop/University/Semester_4/CBSE/SB4-KOM-F20/AsteroidsNetbeansModules/application/target/asteroidsnetbeansmodules/asteroidsnetbeansmodules/update_tracking/dk-sdu-mmmi-cbse-Asteroid.xml modified.
INFO [org.netbeans.updater]: File installed /Users/oliverheine/Desktop/University/Semester_4/CBSE/SB4-KOM-F20/AsteroidsNetbeansModules/application/target/asteroidsnetbeansmodules/asteroidsnetbeansmodules/update_tracking/dk-sdu-mmmi-cbse-Asteroid.xml@0
INFO [org.netbeans.updater]: File /Users/oliverheine/Desktop/University/Semester_4/CBSE/SB4-KOM-F20/AsteroidsNetbeansModules/application/target/asteroidsnetbeansmodules/asteroidsnetbeansmodules/update/download/additional_information.xml deleted.
INFO [org.netbeans.core.startup.NbEvents]: Turning on modules:
	dk.sdu.mmmi.cbse.Asteroid [1.0 1.0-20220310 202203100823]
INFO [org.netbeans.modules.autoupdate.silentupdate]: Install new modules done.
Turning on modules...
Loading module services...
Loading modules...
Turning on modules...done.
INFO [org.netbeans.modules.autoupdate.silentupdate]: None for update/install/uninstall
INFO [null]: Last record repeated again.
